<?xml version="1.0" encoding="UTF-8"?>
<!-- Generated by org.testng.reporters.JUnitXMLReporter -->
<testsuite ignored="0" hostname="DESKTOP-S4MCD75" failures="1" tests="1" name="Default test(failed)" time="10.635" errors="0" timestamp="26 Apr 2022 06:06:23 GMT">
  <testcase classname="org.test.Test4" name="test1" time="10.585">
    <failure type="java.lang.AssertionError" message="expected [true] but found [false]">
      <![CDATA[java.lang.AssertionError: expected [true] but found [false]
at org.test.Test4.test1(Test4.java:23)
... Removed 29 stack frames]]>
    </failure>
  </testcase> <!-- test1 -->
</testsuite> <!-- Default test(failed) -->
