<?xml version="1.0" encoding="UTF-8"?>
<!-- Generated by org.testng.reporters.JUnitXMLReporter -->
<testsuite ignored="0" hostname="DESKTOP-S4MCD75" failures="1" tests="3" name="Test" time="31.031" errors="0" timestamp="27 Apr 2022 10:25:38 GMT">
  <testcase classname="org.test.Test4" name="test1" time="12.621">
    <skipped/>
  </testcase> <!-- test1 -->
  <testcase classname="org.test.Test4" name="test1" time="7.94">
    <skipped/>
  </testcase> <!-- test1 -->
  <testcase classname="org.test.Test4" name="test1" time="6.532">
    <failure type="java.lang.AssertionError" message="expected [true] but found [false]">
      <![CDATA[java.lang.AssertionError: expected [true] but found [false]
at org.test.Test4.test1(Test4.java:28)
... Removed 29 stack frames]]>
    </failure>
  </testcase> <!-- test1 -->
</testsuite> <!-- Test -->
